Removed Pin From Net: NetName=Current control Pin=ESC-2
Removed Pin From Net: NetName=GND Pin=ESC-M
Removed Pin From Net: NetName=GND Pin=ESC-M
Removed Pin From Net: NetName=Current control Pin=F4-15
Removed Pin From Net: NetName=GND Pin=RC-M
Removed Pin From Net: NetName=GND Pin=RC-M
Removed Pin From Net: NetName=GND Pin=VL53-M
Removed Pin From Net: NetName=GND Pin=VL53-M
Change Component Designator: OldDesignator=Jetson header NewDesignator=J2
Added Component: Designator=R17(RES0603)
Add component (AddParameter): Name = "Data"; Value = "2017-3-10"; VariantName = "[No Variations]"
Add component (AddParameter): Name = "Desc."; Value = "RES SMD PAKAGES"; VariantName = "[No Variations]"
Add component (AddParameter): Name = "Designer"; Value = "Abbas Basereh"; VariantName = "[No Variations]"
Add component (AddParameter): Name = "VALUE"; Value = "1K"; VariantName = "[No Variations]"
Added Component: Designator=R18(RES0603)
Add component (AddParameter): Name = "Data"; Value = "2017-3-10"; VariantName = "[No Variations]"
Add component (AddParameter): Name = "Desc."; Value = "RES SMD PAKAGES"; VariantName = "[No Variations]"
Add component (AddParameter): Name = "Designer"; Value = "Abbas Basereh"; VariantName = "[No Variations]"
Add component (AddParameter): Name = "VALUE"; Value = "2K"; VariantName = "[No Variations]"
Added Pin To Net: NetName=Current control Pin=R17-1
Added Pin To Net: NetName=GND Pin=R18-1
Added Pin To Net: NetName=Current control Pin=R18-2
Added Pin To Net: NetName=ESC ADC In Pin=ESC-2
Added Pin To Net: NetName=ESC ADC In Pin=R17-2
Added Net: Name=ESC ADC In
Added Member To Class: ClassName=Quad FC V10.6 Member=Component J2 Jetson Uart connector
Added Member To Class: ClassName=Quad FC power V10.6 Member=Component R17 1K
Added Member To Class: ClassName=Quad FC power V10.6 Member=Component R18 2K
