Removed Pin From Net: NetName=GND Pin=C24-1
Removed Pin From Net: NetName=3V3 Pin=C24-2
Removed Member From Class: ClassName=Quad FC V10.2 Member=C32
Removed Member From Class: ClassName=Quad FC power V10.2 Member=R7
Change Component Designator: OldDesignator=C25 NewDesignator=C24
Change Component Designator: OldDesignator=C26 NewDesignator=C25
Change Component Designator: OldDesignator=C27 NewDesignator=C26
Change Component Designator: OldDesignator=C28 NewDesignator=C27
Change Component Designator: OldDesignator=C29 NewDesignator=C28
Change Component Designator: OldDesignator=C30 NewDesignator=C29
Change Component Designator: OldDesignator=C31 NewDesignator=C30
Change Component Designator: OldDesignator=C32 NewDesignator=C31
Change Component Designator: OldDesignator=C33 NewDesignator=C32
Change Net Name : Old Net Name=NetC27_1 New Net Name=NetC26_1
Change Net Name : Old Net Name=NetC27_2 New Net Name=NetC26_2
Change Net Name : Old Net Name=NetC31_1 New Net Name=NetC30_1
Change Net Name : Old Net Name=NetC31_2 New Net Name=NetC30_2
Change Net Name : Old Net Name=NetC32_1 New Net Name=NetC31_1
Added Member To Class: ClassName=Quad FC power V10.2 Member=Component A1 3.3V linear regulator
Added Member To Class: ClassName=Quad FC V10.2 Member=Component C17 2.2uF
Added Member To Class: ClassName=Quad FC V10.2 Member=Component C19 100nF
Added Member To Class: ClassName=Quad FC V10.2 Member=Component C21 100nF
Added Member To Class: ClassName=Quad FC V10.2 Member=Component C23 100nF
Added Member To Class: ClassName=Quad FC power V10.2 Member=Component C24 10uF
Added Member To Class: ClassName=Quad FC power V10.2 Member=Component C25 100uF
Added Member To Class: ClassName=Quad FC power V10.2 Member=Component C26 100nF
Added Member To Class: ClassName=Quad FC power V10.2 Member=Component C27 10 µF
Added Member To Class: ClassName=Quad FC power V10.2 Member=Component C29 10 µF
Added Member To Class: ClassName=Quad FC power V10.2 Member=Component D6 LED
Added Member To Class: ClassName=Quad FC power V10.2 Member=Component D7 1n5822
Added Member To Class: ClassName=Quad FC V10.2 Member=Component R5 1K
Added Member To Class: ClassName=Quad FC power V10.2 Member=Component R8 1K
Added Member To Class: ClassName=Quad FC power V10.2 Member=Component R10 10.2k
Added Member To Class: ClassName=Quad FC power V10.2 Member=Component R11 0.732k
Added Member To Class: ClassName=Quad FC power V10.2 Member=Component R13 36.5K
