Change Component Designator: Old Designator=A2 New Designator=A1
Change Component Designator: Old Designator=C17 New Designator=C27
Change Component Designator: Old Designator=C23 New Designator=C32
Change Component Designator: Old Designator=C24 New Designator=C31
Change Component Designator: Old Designator=C26 New Designator=C24
Change Component Designator: Old Designator=C28 New Designator=C29
Change Component Designator: Old Designator=C29 New Designator=C30
Change Component Designator: Old Designator=C30 New Designator=C28
Change Component Designator: Old Designator=C32 New Designator=C33
Change Component Designator: Old Designator=C? New Designator=C25
Change Component Designator: Old Designator=C? New Designator=C26
Change Component Designator: Old Designator=D7 New Designator=D6
Change Component Designator: Old Designator=D8 New Designator=D7
Change Component Designator: Old Designator=P5 New Designator=P2
Change Component Designator: Old Designator=R4 New Designator=R13
Change Component Designator: Old Designator=R9 New Designator=R8
Change Component Designator: Old Designator=R11 New Designator=R9
Change Component Designator: Old Designator=R12 New Designator=R10
Change Component Designator: Old Designator=R13 New Designator=R12
Change Component Designator: Old Designator=R14 New Designator=R11
Change Component Designator: Old Designator=R15 New Designator=R14
