Removed Pin From Net: NetName=NetC34_1 Pin=MP1-1
Removed Pin From Net: NetName=NetC37_2 Pin=MP1-3
Removed Pin From Net: NetName=MP1584-FB Pin=MP1-4
Removed Pin From Net: NetName=GND Pin=MP1-5
Removed Pin From Net: NetName=VBAT+ Pin=MP1-7
Removed Pin From Net: NetName=NetC34_2 Pin=MP1-8
Removed Pin From Net: NetName=GND Pin=MP1-9
Removed Member From Class: ClassName=Quad FC power V10.0 Member=MP1
Added Component: Designator=U?(SOIC127P600X170-9N)
Add component (AddParameter): Name = "Availability"; Value = "In Stock"; VariantName = "[No Variations]"
Add component (AddParameter): Name = "Check_prices"; Value = "https://www.snapeda.com/parts/MP1584EN/Monolithic+Power+Systems+Inc./view-part/?ref=eda"; VariantName = "[No Variations]"
Add component (AddParameter): Name = "MF"; Value = "Monolithic Power"; VariantName = "[No Variations]"
Add component (AddParameter): Name = "MP"; Value = "MP1584EN"; VariantName = "[No Variations]"
Add component (AddParameter): Name = "Package"; Value = "SOIC-8 Monolithic Power"; VariantName = "[No Variations]"
Add component (AddParameter): Name = "Price"; Value = "None"; VariantName = "[No Variations]"
Add component (AddParameter): Name = "Purchase-URL"; Value = "https://pricing.snapeda.com/search/part/MP1584EN/?ref=eda"; VariantName = "[No Variations]"
Add component (AddParameter): Name = "SnapEDA_Link"; Value = "https://www.snapeda.com/parts/MP1584EN/Monolithic+Power+Systems+Inc./view-part/?ref=snap"; VariantName = "[No Variations]"
Add component (AddParameter): Name = "Value"; Value = ""; VariantName = "[No Variations]"
Added Pin To Net: NetName=NetC34_1 Pin=U?-1
Added Pin To Net: NetName=NetC37_2 Pin=U?-3
Added Pin To Net: NetName=MP1584-FB Pin=U?-4
Added Pin To Net: NetName=GND Pin=U?-5
Added Pin To Net: NetName=VBAT+ Pin=U?-7
Added Pin To Net: NetName=NetC34_2 Pin=U?-8
Added Pin To Net: NetName=GND Pin=U?-9
Added Pin To Net: NetName=NetR15_2 Pin=R15-2
Added Pin To Net: NetName=NetR15_2 Pin=R16-1
Added Pin To Net: NetName=NetR15_2 Pin=U?-2
Added Net: Name=NetR15_2
Added Pin To Net: NetName=NetR17_1 Pin=R17-1
Added Pin To Net: NetName=NetR17_1 Pin=U?-6
Added Net: Name=NetR17_1
Added Member To Class: ClassName=Quad FC power V10.0 Member=Component U? MP1584EN
