Removed Pin From Net: NetName=GND Pin=C35-1
Removed Pin From Net: NetName=VBAT+ Pin=C35-2
Removed Pin From Net: NetName=GND Pin=C36-1
Removed Pin From Net: NetName=5V Pin=C36-2
Removed Pin From Net: NetName=5V Pin=LM2-2
Removed Pin From Net: NetName=GND Pin=MP15-5
Removed Pin From Net: NetName=VBAT+ Pin=MP15-7
Removed Pin From Net: NetName=GND Pin=MP15-9
Removed Pin From Net: NetName=VBAT+ Pin=R15-1
Removed Pin From Net: NetName=GND Pin=R16-2
Removed Pin From Net: NetName=GND Pin=R17-2
Removed Pin From Net: NetName=5V Pin=R18-2
Removed Pin From Net: NetName=GND Pin=R19-2
Removed Pin From Net: NetName=GND Pin=R20-1
Removed Member From Class: ClassName=Quad FC power V10.0 Member=MP15
Removed Member From Class: ClassName=Quad FC power V10.0 Member=R17
Removed Member From Class: ClassName=Quad FC power V10.0 Member=R18
Removed Member From Class: ClassName=Quad FC power V10.0 Member=R19
Removed Member From Class: ClassName=Quad FC power V10.0 Member=R20
Change Component Footprint: Designator=C34 Old Footprint=CAP0603 New Footprint=CAPC3413X12N
Change Component Footprint: Designator=C37 Old Footprint=CAP0603 New Footprint=CAPC3413X12N
Change Component Comment : Designator=C35 Old Comment=10uF New Comment=22uF
Change Component Comment : Designator=R16 Old Comment=22K New Comment=10k
Change Component Comment : Designator=C36 Old Comment=22uF New Comment=100nF
Change Component Comment : Designator=LM2 Old Comment=22uH New Comment=47uH
Change Component Comment : Designator=R15 Old Comment=100K New Comment=240k
Change Component Comment : Designator=C42 Old Comment=100nF New Comment=10uF
Change Component Comment : Designator=C34 Old Comment=100nF New Comment=22uF
Change Component Comment : Designator=C37 Old Comment=150pF New Comment=4.7uF
Change Component Comment : Designator=C43 Old Comment=Cap New Comment=100uF
Change Component Designator: OldDesignator=MP97 NewDesignator=MP12V
Change component parameters: Designator = "C34" ("C34"); Footprint = "CAP0603"; UniqueID = "\MHAQBPYI" ("\MHAQBPYI")
Change component parameters (AddParameter): Name = "Data"; Value = "16-12-2016"; VariantName = "[No Variations]"
Change component parameters (AddParameter): Name = "Desc."; Value = "CAP SMD 0805"; VariantName = "[No Variations]"
Change component parameters (AddParameter): Name = "Designer"; Value = "Abbas Basereh"; VariantName = "[No Variations]"
Change component parameters: Designator = "C37" ("C37"); Footprint = "CAP0603"; UniqueID = "\BCGAHUYD" ("\BCGAHUYD")
Change component parameters (AddParameter): Name = "Data"; Value = "16-12-2016"; VariantName = "[No Variations]"
Change component parameters (AddParameter): Name = "Desc."; Value = "CAP SMD 0805"; VariantName = "[No Variations]"
Change component parameters (AddParameter): Name = "Designer"; Value = "Abbas Basereh"; VariantName = "[No Variations]"
Added Component: Designator=C44(MY_CAP_SMD-B)
Add component (AddParameter): Name = "Value"; Value = "3300u"; VariantName = "[No Variations]"
Added Component: Designator=C45(CAPC3413X12N)
Add component (AddParameter): Name = "Data"; Value = "16-12-2016"; VariantName = "[No Variations]"
Add component (AddParameter): Name = "Desc."; Value = "CAP SMD 0805"; VariantName = "[No Variations]"
Add component (AddParameter): Name = "Designer"; Value = "Abbas Basereh"; VariantName = "[No Variations]"
Added Component: Designator=MP5V(SOIC127P600X170-9N)
Add component (AddParameter): Name = "Check_prices"; Value = "https://www.snapeda.com/parts/MP9486AGN-Z/Monolithic+Power+Systems+Inc./view-part/?ref=eda"; VariantName = "[No Variations]"
Add component (AddParameter): Name = "MF"; Value = "Monolithic Power"; VariantName = "[No Variations]"
Add component (AddParameter): Name = "MP"; Value = "MP9486AGN-Z"; VariantName = "[No Variations]"
Add component (AddParameter): Name = "Package"; Value = "SOIC-8 Monolithic Power"; VariantName = "[No Variations]"
Add component (AddParameter): Name = "SnapEDA_Link"; Value = "https://www.snapeda.com/parts/MP9486AGN-Z/Monolithic+Power+Systems+Inc./view-part/?ref=snap"; VariantName = "[No Variations]"
Add component (AddParameter): Name = "Value"; Value = ""; VariantName = "[No Variations]"
Added Pin To Net: NetName=VBAT+ Pin=C34-1
Added Pin To Net: NetName=GND Pin=C34-2
Added Pin To Net: NetName=VBAT+ Pin=C35-1
Added Pin To Net: NetName=GND Pin=C35-2
Added Pin To Net: NetName=MP9486 FB Pin=C36-1
Added Pin To Net: NetName=GND Pin=C37-1
Added Pin To Net: NetName=GND Pin=C44--
Added Pin To Net: NetName=MP9486 FB Pin=MP5V-1
Added Pin To Net: NetName=VBAT+ Pin=MP5V-3
Added Pin To Net: NetName=GND Pin=MP5V-8
Added Pin To Net: NetName=MP9486 FB Pin=R15-1
Added Pin To Net: NetName=GND Pin=R16-1
Added Pin To Net: NetName=MP9486 FB Pin=R16-2
Change Net Name : Old Net Name=NetMP97_6 New Net Name=NetMP12V_6
Added Pin To Net: NetName=NetC36_2 Pin=C36-2
Added Pin To Net: NetName=NetC36_2 Pin=C37-2
Added Pin To Net: NetName=NetC36_2 Pin=C44-+
Added Pin To Net: NetName=NetC36_2 Pin=LM2-2
Added Pin To Net: NetName=NetC36_2 Pin=R15-2
Added Net: Name=NetC36_2
Added Pin To Net: NetName=NetC45_1 Pin=C45-1
Added Pin To Net: NetName=NetC45_1 Pin=MP5V-4
Added Net: Name=NetC45_1
Added Pin To Net: NetName=NetC45_2 Pin=C45-2
Added Pin To Net: NetName=NetC45_2 Pin=D10-2
Added Pin To Net: NetName=NetC45_2 Pin=LM2-1
Added Pin To Net: NetName=NetC45_2 Pin=MP5V-5
Added Net: Name=NetC45_2
Added Pin To Net: NetName=NetMP5V_6 Pin=MP5V-6
Added Pin To Net: NetName=NetMP5V_6 Pin=MP5V-7
Added Net: Name=NetMP5V_6
Added Member To Class: ClassName=Quad FC power V10.0 Member=Component C44 Cap
Added Member To Class: ClassName=Quad FC power V10.0 Member=Component C45 100nF
Added Member To Class: ClassName=Quad FC power V10.0 Member=Component MP5V MP9486AGN-Z
