Removed Pin From Net: NetName=VBAT+ Pin=C28-1
Removed Pin From Net: NetName=GND Pin=C28-2
Removed Pin From Net: NetName=VBAT+ Pin=C29-1
Removed Pin From Net: NetName=GND Pin=C29-2
Removed Pin From Net: NetName=12V Pin=C32-+
Removed Pin From Net: NetName=GND Pin=C32--
Removed Pin From Net: NetName=12V Pin=LM2-2
Removed Pin From Net: NetName=VBAT+ Pin=MP1-3
Removed Pin From Net: NetName=GND Pin=MP1-8
Removed Pin From Net: NetName=GND Pin=R14-1
Removed Member From Class: ClassName=Quad FC power V10.1 Member=C33
Removed Member From Class: ClassName=Quad FC power V10.1 Member=LM2
Removed Member From Class: ClassName=Quad FC power V10.1 Member=MP1
Removed Member From Class: ClassName=Quad FC power V10.1 Member=R14
Change Component Footprint: Designator=C30 Old Footprint=CAP0603 New Footprint=CAP 1210_3225 - 2.8MM
Change Component Footprint: Designator=C28 Old Footprint=CAPC3413X12N New Footprint=CAP 1210_3225 - 2.8MM
Change Component Footprint: Designator=C29 Old Footprint=CAPC3413X12N New Footprint=CAP 1210_3225 - 2.8MM
Change Component Footprint: Designator=C31 Old Footprint=CAPC3413X12N New Footprint=CAP 1210_3225 - 2.8MM
Change Component Footprint: Designator=C32 Old Footprint=MY_CAP_SMD-B New Footprint=CAP0603
Change Component Comment : Designator=C28 Old Comment=2.2uF New Comment=10µF
Change Component Comment : Designator=C29 Old Comment=2.2uF New Comment=10µF
Change Component Comment : Designator=R13 Old Comment=10k New Comment=0.732k
Change Component Comment : Designator=C31 Old Comment=10uF New Comment=10µF
Change Component Comment : Designator=C30 Old Comment=100nF New Comment=10µF
Change Component Comment : Designator=C32 Old Comment=100uF New Comment=10pF
Change Component Comment : Designator=R12 Old Comment=590k New Comment=10.2k
Change Component Comment : Designator=D8 Old Comment=SS34 New Comment=1n5822
Change component parameters: Designator = "C28" ("C28"); Footprint = "CAPC3413X12N"; UniqueID = "\DETDCIEM" ("\DETDCIEM")
Change component parameters (AddParameter): Name = "Applications"; Value = "General Purpose"; VariantName = "[No Variations]"
Change component parameters (AddParameter): Name = "Capacitance"; Value = "10µF"; VariantName = "[No Variations]"
Change component parameters (AddParameter): Name = "componentlink1description"; Value = "Datasheet"; VariantName = "[No Variations]"
Change component parameters (AddParameter): Name = "componentlink1url"; Value = "http://datasheets.avx.com/cx5r.pdf"; VariantName = "[No Variations]"
Change component parameters (AddParameter): Name = "componentlink2description"; Value = "DigiKey Link"; VariantName = "[No Variations]"
Change component parameters (AddParameter): Name = "componentlink2url"; Value = "http://digikey.com/product-detail/en/avx-corporation/12105D106KAT2A/478-9989-1-ND/6149092"; VariantName = "[No Variations]"
Change component parameters (AddParameter): Name = "Device Package"; Value = "1210 (3225 Metric)"; VariantName = "[No Variations]"
Change component parameters (AddParameter): Name = "lastupdated"; Value = "9/2/2020 1:10:53 AM"; VariantName = "[No Variations]"
Change component parameters (AddParameter): Name = "Lifecycle Status"; Value = "Active"; VariantName = "[No Variations]"
Change component parameters (AddParameter): Name = "manufacturer"; Value = "AVX Corporation"; VariantName = "[No Variations]"
Change component parameters (AddParameter): Name = "Minimum Order"; Value = "1"; VariantName = "[No Variations]"
Change component parameters (AddParameter): Name = "Mounting Type"; Value = "Surface Mount, MLCC"; VariantName = "[No Variations]"
Change component parameters (AddParameter): Name = "Operating Temperature"; Value = "-55°C ~ 85°C"; VariantName = "[No Variations]"
Change component parameters (AddParameter): Name = "Package / Case"; Value = "1210 (3225 Metric)"; VariantName = "[No Variations]"
Change component parameters (AddParameter): Name = "packaging"; Value = "TapeAndReel"; VariantName = "[No Variations]"
Change component parameters (AddParameter): Name = "Part Number"; Value = "12105D106KAT2A"; VariantName = "[No Variations]"
Change component parameters (AddParameter): Name = "Part Status"; Value = "Active"; VariantName = "[No Variations]"
Change component parameters (AddParameter): Name = "partid"; Value = "23646"; VariantName = "[No Variations]"
Change component parameters (AddParameter): Name = "price"; Value = "0.59"; VariantName = "[No Variations]"
Change component parameters (AddParameter): Name = "series"; Value = "-"; VariantName = "[No Variations]"
Change component parameters (AddParameter): Name = "Size / Dimension"; Value = "0.126" L x 0.098" W (3.20mm x 2.50mm)"; VariantName = "[No Variations]"
Change component parameters (AddParameter): Name = "Supplier 1"; Value = "DigiKey"; VariantName = "[No Variations]"
Change component parameters (AddParameter): Name = "Supplier Part Number 1"; Value = "478-9989-1-ND"; VariantName = "[No Variations]"
Change component parameters (AddParameter): Name = "Temperature Coefficient"; Value = "X5R"; VariantName = "[No Variations]"
Change component parameters (AddParameter): Name = "Thickness (Max)"; Value = "0.110" (2.79mm)"; VariantName = "[No Variations]"
Change component parameters (AddParameter): Name = "Tolerance"; Value = "±10%"; VariantName = "[No Variations]"
Change component parameters (AddParameter): Name = "Value"; Value = "10µF"; VariantName = "[No Variations]"
Change component parameters (AddParameter): Name = "Voltage - Rated"; Value = "50V"; VariantName = "[No Variations]"
Change component parameters: Designator = "C29" ("C29"); Footprint = "CAPC3413X12N"; UniqueID = "\PXYWSODY" ("\PXYWSODY")
Change component parameters (AddParameter): Name = "Applications"; Value = "General Purpose"; VariantName = "[No Variations]"
Change component parameters (AddParameter): Name = "Capacitance"; Value = "10µF"; VariantName = "[No Variations]"
Change component parameters (AddParameter): Name = "componentlink1description"; Value = "Datasheet"; VariantName = "[No Variations]"
Change component parameters (AddParameter): Name = "componentlink1url"; Value = "http://datasheets.avx.com/cx5r.pdf"; VariantName = "[No Variations]"
Change component parameters (AddParameter): Name = "componentlink2description"; Value = "DigiKey Link"; VariantName = "[No Variations]"
Change component parameters (AddParameter): Name = "componentlink2url"; Value = "http://digikey.com/product-detail/en/avx-corporation/12105D106KAT2A/478-9989-1-ND/6149092"; VariantName = "[No Variations]"
Change component parameters (AddParameter): Name = "Device Package"; Value = "1210 (3225 Metric)"; VariantName = "[No Variations]"
Change component parameters (AddParameter): Name = "lastupdated"; Value = "9/2/2020 1:10:53 AM"; VariantName = "[No Variations]"
Change component parameters (AddParameter): Name = "Lifecycle Status"; Value = "Active"; VariantName = "[No Variations]"
Change component parameters (AddParameter): Name = "manufacturer"; Value = "AVX Corporation"; VariantName = "[No Variations]"
Change component parameters (AddParameter): Name = "Minimum Order"; Value = "1"; VariantName = "[No Variations]"
Change component parameters (AddParameter): Name = "Mounting Type"; Value = "Surface Mount, MLCC"; VariantName = "[No Variations]"
Change component parameters (AddParameter): Name = "Operating Temperature"; Value = "-55°C ~ 85°C"; VariantName = "[No Variations]"
Change component parameters (AddParameter): Name = "Package / Case"; Value = "1210 (3225 Metric)"; VariantName = "[No Variations]"
Change component parameters (AddParameter): Name = "packaging"; Value = "TapeAndReel"; VariantName = "[No Variations]"
Change component parameters (AddParameter): Name = "Part Number"; Value = "12105D106KAT2A"; VariantName = "[No Variations]"
Change component parameters (AddParameter): Name = "Part Status"; Value = "Active"; VariantName = "[No Variations]"
Change component parameters (AddParameter): Name = "partid"; Value = "23646"; VariantName = "[No Variations]"
Change component parameters (AddParameter): Name = "price"; Value = "0.59"; VariantName = "[No Variations]"
Change component parameters (AddParameter): Name = "series"; Value = "-"; VariantName = "[No Variations]"
Change component parameters (AddParameter): Name = "Size / Dimension"; Value = "0.126" L x 0.098" W (3.20mm x 2.50mm)"; VariantName = "[No Variations]"
Change component parameters (AddParameter): Name = "Supplier 1"; Value = "DigiKey"; VariantName = "[No Variations]"
Change component parameters (AddParameter): Name = "Supplier Part Number 1"; Value = "478-9989-1-ND"; VariantName = "[No Variations]"
Change component parameters (AddParameter): Name = "Temperature Coefficient"; Value = "X5R"; VariantName = "[No Variations]"
Change component parameters (AddParameter): Name = "Thickness (Max)"; Value = "0.110" (2.79mm)"; VariantName = "[No Variations]"
Change component parameters (AddParameter): Name = "Tolerance"; Value = "±10%"; VariantName = "[No Variations]"
Change component parameters (AddParameter): Name = "Value"; Value = "10µF"; VariantName = "[No Variations]"
Change component parameters (AddParameter): Name = "Voltage - Rated"; Value = "50V"; VariantName = "[No Variations]"
Change component parameters: Designator = "C30" ("C30"); Footprint = "CAP0603"; UniqueID = "\MLBQMMDB" ("\MLBQMMDB")
Change component parameters (AddParameter): Name = "Applications"; Value = "General Purpose"; VariantName = "[No Variations]"
Change component parameters (AddParameter): Name = "Capacitance"; Value = "10µF"; VariantName = "[No Variations]"
Change component parameters (AddParameter): Name = "componentlink1description"; Value = "Datasheet"; VariantName = "[No Variations]"
Change component parameters (AddParameter): Name = "componentlink1url"; Value = "http://datasheets.avx.com/cx5r.pdf"; VariantName = "[No Variations]"
Change component parameters (AddParameter): Name = "componentlink2description"; Value = "DigiKey Link"; VariantName = "[No Variations]"
Change component parameters (AddParameter): Name = "componentlink2url"; Value = "http://digikey.com/product-detail/en/avx-corporation/12105D106KAT2A/478-9989-1-ND/6149092"; VariantName = "[No Variations]"
Change component parameters (AddParameter): Name = "Device Package"; Value = "1210 (3225 Metric)"; VariantName = "[No Variations]"
Change component parameters (AddParameter): Name = "lastupdated"; Value = "9/2/2020 1:10:53 AM"; VariantName = "[No Variations]"
Change component parameters (AddParameter): Name = "Lifecycle Status"; Value = "Active"; VariantName = "[No Variations]"
Change component parameters (AddParameter): Name = "manufacturer"; Value = "AVX Corporation"; VariantName = "[No Variations]"
Change component parameters (AddParameter): Name = "Minimum Order"; Value = "1"; VariantName = "[No Variations]"
Change component parameters (AddParameter): Name = "Mounting Type"; Value = "Surface Mount, MLCC"; VariantName = "[No Variations]"
Change component parameters (AddParameter): Name = "Operating Temperature"; Value = "-55°C ~ 85°C"; VariantName = "[No Variations]"
Change component parameters (AddParameter): Name = "Package / Case"; Value = "1210 (3225 Metric)"; VariantName = "[No Variations]"
Change component parameters (AddParameter): Name = "packaging"; Value = "TapeAndReel"; VariantName = "[No Variations]"
Change component parameters (AddParameter): Name = "Part Number"; Value = "12105D106KAT2A"; VariantName = "[No Variations]"
Change component parameters (AddParameter): Name = "Part Status"; Value = "Active"; VariantName = "[No Variations]"
Change component parameters (AddParameter): Name = "partid"; Value = "23646"; VariantName = "[No Variations]"
Change component parameters (AddParameter): Name = "price"; Value = "0.59"; VariantName = "[No Variations]"
Change component parameters (AddParameter): Name = "series"; Value = "-"; VariantName = "[No Variations]"
Change component parameters (AddParameter): Name = "Size / Dimension"; Value = "0.126" L x 0.098" W (3.20mm x 2.50mm)"; VariantName = "[No Variations]"
Change component parameters (AddParameter): Name = "Supplier 1"; Value = "DigiKey"; VariantName = "[No Variations]"
Change component parameters (AddParameter): Name = "Supplier Part Number 1"; Value = "478-9989-1-ND"; VariantName = "[No Variations]"
Change component parameters (AddParameter): Name = "Temperature Coefficient"; Value = "X5R"; VariantName = "[No Variations]"
Change component parameters (AddParameter): Name = "Thickness (Max)"; Value = "0.110" (2.79mm)"; VariantName = "[No Variations]"
Change component parameters (AddParameter): Name = "Tolerance"; Value = "±10%"; VariantName = "[No Variations]"
Change component parameters (AddParameter): Name = "Value"; Value = "10µF"; VariantName = "[No Variations]"
Change component parameters (AddParameter): Name = "Voltage - Rated"; Value = "50V"; VariantName = "[No Variations]"
Change component parameters: Designator = "C31" ("C31"); Footprint = "CAPC3413X12N"; UniqueID = "\XJYSTDJM" ("\XJYSTDJM")
Change component parameters (AddParameter): Name = "Applications"; Value = "General Purpose"; VariantName = "[No Variations]"
Change component parameters (AddParameter): Name = "Capacitance"; Value = "10µF"; VariantName = "[No Variations]"
Change component parameters (AddParameter): Name = "componentlink1description"; Value = "Datasheet"; VariantName = "[No Variations]"
Change component parameters (AddParameter): Name = "componentlink1url"; Value = "http://datasheets.avx.com/cx5r.pdf"; VariantName = "[No Variations]"
Change component parameters (AddParameter): Name = "componentlink2description"; Value = "DigiKey Link"; VariantName = "[No Variations]"
Change component parameters (AddParameter): Name = "componentlink2url"; Value = "http://digikey.com/product-detail/en/avx-corporation/12105D106KAT2A/478-9989-1-ND/6149092"; VariantName = "[No Variations]"
Change component parameters (AddParameter): Name = "Device Package"; Value = "1210 (3225 Metric)"; VariantName = "[No Variations]"
Change component parameters (AddParameter): Name = "lastupdated"; Value = "9/2/2020 1:10:53 AM"; VariantName = "[No Variations]"
Change component parameters (AddParameter): Name = "Lifecycle Status"; Value = "Active"; VariantName = "[No Variations]"
Change component parameters (AddParameter): Name = "manufacturer"; Value = "AVX Corporation"; VariantName = "[No Variations]"
Change component parameters (AddParameter): Name = "Minimum Order"; Value = "1"; VariantName = "[No Variations]"
Change component parameters (AddParameter): Name = "Mounting Type"; Value = "Surface Mount, MLCC"; VariantName = "[No Variations]"
Change component parameters (AddParameter): Name = "Operating Temperature"; Value = "-55°C ~ 85°C"; VariantName = "[No Variations]"
Change component parameters (AddParameter): Name = "Package / Case"; Value = "1210 (3225 Metric)"; VariantName = "[No Variations]"
Change component parameters (AddParameter): Name = "packaging"; Value = "TapeAndReel"; VariantName = "[No Variations]"
Change component parameters (AddParameter): Name = "Part Number"; Value = "12105D106KAT2A"; VariantName = "[No Variations]"
Change component parameters (AddParameter): Name = "Part Status"; Value = "Active"; VariantName = "[No Variations]"
Change component parameters (AddParameter): Name = "partid"; Value = "23646"; VariantName = "[No Variations]"
Change component parameters (AddParameter): Name = "price"; Value = "0.59"; VariantName = "[No Variations]"
Change component parameters (AddParameter): Name = "series"; Value = "-"; VariantName = "[No Variations]"
Change component parameters (AddParameter): Name = "Size / Dimension"; Value = "0.126" L x 0.098" W (3.20mm x 2.50mm)"; VariantName = "[No Variations]"
Change component parameters (AddParameter): Name = "Supplier 1"; Value = "DigiKey"; VariantName = "[No Variations]"
Change component parameters (AddParameter): Name = "Supplier Part Number 1"; Value = "478-9989-1-ND"; VariantName = "[No Variations]"
Change component parameters (AddParameter): Name = "Temperature Coefficient"; Value = "X5R"; VariantName = "[No Variations]"
Change component parameters (AddParameter): Name = "Thickness (Max)"; Value = "0.110" (2.79mm)"; VariantName = "[No Variations]"
Change component parameters (AddParameter): Name = "Tolerance"; Value = "±10%"; VariantName = "[No Variations]"
Change component parameters (AddParameter): Name = "Value"; Value = "10µF"; VariantName = "[No Variations]"
Change component parameters (AddParameter): Name = "Voltage - Rated"; Value = "50V"; VariantName = "[No Variations]"
Change component parameters: Designator = "C32" ("C32"); Footprint = "MY_CAP_SMD-B"; UniqueID = "\JYPBLZWI" ("\JYPBLZWI")
Change component parameters (AddParameter): Name = "Data"; Value = "2017-3-10"; VariantName = "[No Variations]"
Change component parameters (AddParameter): Name = "Desc."; Value = "CAP SMD TOTAL PACKAGES"; VariantName = "[No Variations]"
Change component parameters (AddParameter): Name = "Designer"; Value = "Abbas Basereh"; VariantName = "[No Variations]"
Change component parameters (AddParameter): Name = "VALUE"; Value = ""; VariantName = "[No Variations]"
Change component parameters: Designator = "R12" ("R12"); Footprint = "RES0603"; UniqueID = "\NXLTEUIA" ("\NXLTEUIA")
Change component parameters (AddParameter): Name = "Data"; Value = "2017-3-10"; VariantName = "[No Variations]"
Change component parameters (AddParameter): Name = "Desc."; Value = "RES SMD PAKAGES"; VariantName = "[No Variations]"
Change component parameters (AddParameter): Name = "Designer"; Value = "Abbas Basereh"; VariantName = "[No Variations]"
Change component parameters (AddParameter): Name = "VALUE"; Value = "10.2k"; VariantName = "[No Variations]"
Change component parameters: Designator = "R13" ("R13"); Footprint = "RES0603"; UniqueID = "\ZVKXAASY" ("\ZVKXAASY")
Change component parameters (AddParameter): Name = "Data"; Value = "2017-3-10"; VariantName = "[No Variations]"
Change component parameters (AddParameter): Name = "Desc."; Value = "RES SMD PAKAGES"; VariantName = "[No Variations]"
Change component parameters (AddParameter): Name = "Designer"; Value = "Abbas Basereh"; VariantName = "[No Variations]"
Change component parameters (AddParameter): Name = "VALUE"; Value = "0.732k"; VariantName = "[No Variations]"
Added Component: Designator=C17(CAP0603)
Add component (AddParameter): Name = "Data"; Value = "2017-3-10"; VariantName = "[No Variations]"
Add component (AddParameter): Name = "Desc."; Value = "CAP SMD TOTAL PACKAGES"; VariantName = "[No Variations]"
Add component (AddParameter): Name = "Designer"; Value = "Abbas Basereh"; VariantName = "[No Variations]"
Add component (AddParameter): Name = "VALUE"; Value = ""; VariantName = "[No Variations]"
Added Component: Designator=C23(CAP0603)
Add component (AddParameter): Name = "Data"; Value = "2017-3-10"; VariantName = "[No Variations]"
Add component (AddParameter): Name = "Desc."; Value = "CAP SMD TOTAL PACKAGES"; VariantName = "[No Variations]"
Add component (AddParameter): Name = "Designer"; Value = "Abbas Basereh"; VariantName = "[No Variations]"
Add component (AddParameter): Name = "VALUE"; Value = ""; VariantName = "[No Variations]"
Added Component: Designator=C24(CAP0603)
Add component (AddParameter): Name = "Data"; Value = "2017-3-10"; VariantName = "[No Variations]"
Add component (AddParameter): Name = "Desc."; Value = "CAP SMD TOTAL PACKAGES"; VariantName = "[No Variations]"
Add component (AddParameter): Name = "Designer"; Value = "Abbas Basereh"; VariantName = "[No Variations]"
Add component (AddParameter): Name = "VALUE"; Value = ""; VariantName = "[No Variations]"
Added Component: Designator=L1(IND_RLS-105)
Add component (AddParameter): Name = "Code_IEC"; Value = "1005"; VariantName = "[No Variations]"
Add component (AddParameter): Name = "Code_JEITA"; Value = "0402"; VariantName = "[No Variations]"
Add component (AddParameter): Name = "LatestRevisionDate"; Value = "29-May-2009"; VariantName = "[No Variations]"
Add component (AddParameter): Name = "LatestRevisionNote"; Value = "IPC-7351 Footprint Added."; VariantName = "[No Variations]"
Add component (AddParameter): Name = "PackageDescription"; Value = "Chip Inductor"; VariantName = "[No Variations]"
Add component (AddParameter): Name = "PackageReference"; Value = "0402-A"; VariantName = "[No Variations]"
Add component (AddParameter): Name = "Published"; Value = "8-Jun-2000"; VariantName = "[No Variations]"
Add component (AddParameter): Name = "Publisher"; Value = "Altium Limited"; VariantName = "[No Variations]"
Add component (AddParameter): Name = "Value"; Value = ""; VariantName = "[No Variations]"
Added Component: Designator=R4(RES0603)
Add component (AddParameter): Name = "Data"; Value = "2017-3-10"; VariantName = "[No Variations]"
Add component (AddParameter): Name = "Desc."; Value = "RES SMD PAKAGES"; VariantName = "[No Variations]"
Add component (AddParameter): Name = "Designer"; Value = "Abbas Basereh"; VariantName = "[No Variations]"
Add component (AddParameter): Name = "VALUE"; Value = "36.5k"; VariantName = "[No Variations]"
Added Component: Designator=U1(SO8)
Add component (AddParameter): Name = "Link"; Value = "http://javanelec.com/productsDetails.aspx?id=33786"; VariantName = "[No Variations]"
Added Pin To Net: NetName=GND Pin=C23-2
Added Pin To Net: NetName=GND Pin=C24-2
Added Pin To Net: NetName=GND Pin=C28-1
Added Pin To Net: NetName=VBAT+ Pin=C28-2
Added Pin To Net: NetName=GND Pin=C29-1
Added Pin To Net: NetName=VBAT+ Pin=C29-2
Added Pin To Net: NetName=GND Pin=C30-1
Added Pin To Net: NetName=GND Pin=C32-2
Added Pin To Net: NetName=12V Pin=L1-2
Added Pin To Net: NetName=GND Pin=R13-1
Added Pin To Net: NetName=VBAT+ Pin=U1-2
Added Pin To Net: NetName=GND Pin=U1-7
Added Pin To Net: NetName=NetC17_1 Pin=C17-1
Added Pin To Net: NetName=NetC17_1 Pin=D8-2
Added Pin To Net: NetName=NetC17_1 Pin=L1-1
Added Pin To Net: NetName=NetC17_1 Pin=U1-8
Added Net: Name=NetC17_1
Added Pin To Net: NetName=NetC17_2 Pin=C17-2
Added Pin To Net: NetName=NetC17_2 Pin=U1-1
Added Net: Name=NetC17_2
Added Pin To Net: NetName=NetC23_1 Pin=C23-1
Added Pin To Net: NetName=NetC23_1 Pin=U1-4
Added Net: Name=NetC23_1
Added Pin To Net: NetName=NetC24_1 Pin=C24-1
Added Pin To Net: NetName=NetC24_1 Pin=R4-1
Added Net: Name=NetC24_1
Added Pin To Net: NetName=NetC32_1 Pin=C32-1
Added Pin To Net: NetName=NetC32_1 Pin=R4-2
Added Pin To Net: NetName=NetC32_1 Pin=U1-6
Added Net: Name=NetC32_1
Added Pin To Net: NetName=NetR12_1 Pin=R12-1
Added Pin To Net: NetName=NetR12_1 Pin=R13-2
Added Pin To Net: NetName=NetR12_1 Pin=U1-5
Added Net: Name=NetR12_1
Change Class Name : Old Net Name=Quad FC power V10.1 New Net Name=Quad FC power V10.2
Change Class Name : Old Net Name=Quad FC V10.1 New Net Name=Quad FC V10.2
Added Member To Class: ClassName=Quad FC power V10.2 Member=Component C17 100nF
Added Member To Class: ClassName=Quad FC power V10.2 Member=Component C23 8.2nF
Added Member To Class: ClassName=Quad FC power V10.2 Member=Component C24 1nF
Added Member To Class: ClassName=Quad FC power V10.2 Member=Component L1 10uH
Added Member To Class: ClassName=Quad FC V10.2 Member=Component P1 Programming connector
Added Member To Class: ClassName=Quad FC power V10.2 Member=Component R4 36.5K
Added Member To Class: ClassName=Quad FC power V10.2 Member=Component U1 TPS54331
