Added Component: Designator=U1(SOIC127P600X170-9N)
Add component (AddParameter): Name = "Availability"; Value = "In Stock"; VariantName = "[No Variations]"
Add component (AddParameter): Name = "Check_prices"; Value = "https://www.snapeda.com/parts/MP1584EN/Monolithic+Power+Systems+Inc./view-part/?ref=eda"; VariantName = "[No Variations]"
Add component (AddParameter): Name = "MF"; Value = "Monolithic Power"; VariantName = "[No Variations]"
Add component (AddParameter): Name = "MP"; Value = "MP1584EN"; VariantName = "[No Variations]"
Add component (AddParameter): Name = "Package"; Value = "SOIC-8 Monolithic Power"; VariantName = "[No Variations]"
Add component (AddParameter): Name = "Price"; Value = "None"; VariantName = "[No Variations]"
Add component (AddParameter): Name = "Purchase-URL"; Value = "https://pricing.snapeda.com/search/part/MP1584EN/?ref=eda"; VariantName = "[No Variations]"
Add component (AddParameter): Name = "SnapEDA_Link"; Value = "https://www.snapeda.com/parts/MP1584EN/Monolithic+Power+Systems+Inc./view-part/?ref=snap"; VariantName = "[No Variations]"
Add component (AddParameter): Name = "Value"; Value = ""; VariantName = "[No Variations]"
Added Pin To Net: NetName=NetC34_1 Pin=U1-1
Added Pin To Net: NetName=NetR15_2 Pin=U1-2
Added Pin To Net: NetName=NetC37_2 Pin=U1-3
Added Pin To Net: NetName=MP1584-FB Pin=U1-4
Added Pin To Net: NetName=GND Pin=U1-5
Added Pin To Net: NetName=NetR17_1 Pin=U1-6
Added Pin To Net: NetName=VBAT+ Pin=U1-7
Added Pin To Net: NetName=NetC34_2 Pin=U1-8
Added Pin To Net: NetName=GND Pin=U1-9
Added Member To Class: ClassName=Quad FC power V10.0 Member=Component U1 MP1584EN
