Removed Pin From Net: NetName=GND Pin=C17-2
Removed Pin From Net: NetName=3V3 Pin=R4-1
Removed Pin From Net: NetName=GND Pin=S2-3
Removed Pin From Net: NetName=GND Pin=S2-4
Add Pin To Net: Unknown Pin: Pin MP1-9
Added Member To Class: ClassName=Quad FC power V10.1 Member=Component A1 3v3 regulator
Added Member To Class: ClassName=Quad FC power V10.1 Member=Component A2 5V regulator
Added Member To Class: ClassName=Quad FC V10.1 Member=Component C1 100nF
Added Member To Class: ClassName=Quad FC V10.1 Member=Component C2 1uF
Added Member To Class: ClassName=Quad FC V10.1 Member=Component C3 100nF
Added Member To Class: ClassName=Quad FC V10.1 Member=Component C4 100nF
Added Member To Class: ClassName=Quad FC V10.1 Member=Component C5 100nF
Added Member To Class: ClassName=Quad FC V10.1 Member=Component C6 100nF
Added Member To Class: ClassName=Quad FC V10.1 Member=Component C7 100nF
Added Member To Class: ClassName=Quad FC V10.1 Member=Component C8 1uF
Added Member To Class: ClassName=Quad FC V10.1 Member=Component C9 100nF
Added Member To Class: ClassName=Quad FC V10.1 Member=Component C10 4.7uF
Added Member To Class: ClassName=Quad FC V10.1 Member=Component C11 100nF
Added Member To Class: ClassName=Quad FC V10.1 Member=Component C12 100nF
Added Member To Class: ClassName=Quad FC V10.1 Member=Component C13 100nF
Added Member To Class: ClassName=Quad FC V10.1 Member=Component C14 100nF
Added Member To Class: ClassName=Quad FC V10.1 Member=Component C15 10pF
Added Member To Class: ClassName=Quad FC V10.1 Member=Component C16 10pF
Added Member To Class: ClassName=Quad FC V10.1 Member=Component C18 2.2uF
Added Member To Class: ClassName=Quad FC V10.1 Member=Component C19 2.2uF
Added Member To Class: ClassName=Quad FC V10.1 Member=Component C20 100nF
Added Member To Class: ClassName=Quad FC V10.1 Member=Component C21 100nF
Added Member To Class: ClassName=Quad FC V10.1 Member=Component C22 100nF
Added Member To Class: ClassName=Quad FC V10.1 Member=Component C23 100nF
Added Member To Class: ClassName=Quad FC V10.1 Member=Component C24 100nF
Added Member To Class: ClassName=Quad FC V10.1 Member=Component C25 100nF
Added Member To Class: ClassName=Quad FC power V10.1 Member=Component C26 100nF
Added Member To Class: ClassName=Quad FC power V10.1 Member=Component C27 10uF
Added Member To Class: ClassName=Quad FC power V10.1 Member=Component C28 2.2uF
Added Member To Class: ClassName=Quad FC power V10.1 Member=Component C29 2.2uF
Added Member To Class: ClassName=Quad FC power V10.1 Member=Component C30 100nF
Added Member To Class: ClassName=Quad FC power V10.1 Member=Component C31 10uF
Added Member To Class: ClassName=Quad FC power V10.1 Member=Component C32 100uF
Added Member To Class: ClassName=Quad FC power V10.1 Member=Component C33 100nF
Added Member To Class: ClassName=Quad FC V10.1 Member=Component C34 100nF
Added Member To Class: ClassName=Quad FC V10.1 Member=Component C35 100nF
Added Member To Class: ClassName=Quad FC V10.1 Member=Component CMPS12
Added Member To Class: ClassName=Quad FC V10.1 Member=Component D1 LED
Added Member To Class: ClassName=Quad FC V10.1 Member=Component D2 LED
Added Member To Class: ClassName=Quad FC V10.1 Member=Component D3 LED
Added Member To Class: ClassName=Quad FC V10.1 Member=Component D4 LED
Added Member To Class: ClassName=Quad FC power V10.1 Member=Component D5 LED
Added Member To Class: ClassName=Quad FC power V10.1 Member=Component D6 LED
Added Member To Class: ClassName=Quad FC power V10.1 Member=Component D7 LED
Added Member To Class: ClassName=Quad FC power V10.1 Member=Component D8 SS34
Added Member To Class: ClassName=Quad FC V10.1 Member=Component ESP82
Added Member To Class: ClassName=Quad FC V10.1 Member=Component F4 STM32F407VGT6
Added Member To Class: ClassName=Quad FC V10.1 Member=Component GY25
Added Member To Class: ClassName=Quad FC V10.1 Member=Component GY87
Added Member To Class: ClassName=Quad FC V10.1 Member=Component I2C
Added Member To Class: ClassName=Quad FC V10.1 Member=Component LM1 10uH
Added Member To Class: ClassName=Quad FC power V10.1 Member=Component LM2 47uH
Added Member To Class: ClassName=Quad FC power V10.1 Member=Component MP1 MP9486AGN-Z
Added Member To Class: ClassName=Quad FC V10.1 Member=Component P1 Programming connector
Added Member To Class: ClassName=Quad FC power V10.1 Member=Component P5 Connector 8
Added Member To Class: ClassName=Quad FC V10.1 Member=Component R1 0
Added Member To Class: ClassName=Quad FC V10.1 Member=Component R2 1K
Added Member To Class: ClassName=Quad FC V10.1 Member=Component R3 1K
Added Member To Class: ClassName=Quad FC V10.1 Member=Component R5 1K
Added Member To Class: ClassName=Quad FC V10.1 Member=Component R6 1K
Added Member To Class: ClassName=Quad FC V10.1 Member=Component R7 1K
Added Member To Class: ClassName=Quad FC V10.1 Member=Component R8 1K
Added Member To Class: ClassName=Quad FC power V10.1 Member=Component R9 1K
Added Member To Class: ClassName=Quad FC power V10.1 Member=Component R10 1K
Added Member To Class: ClassName=Quad FC power V10.1 Member=Component R11 1K
Added Member To Class: ClassName=Quad FC power V10.1 Member=Component R12 590k
Added Member To Class: ClassName=Quad FC power V10.1 Member=Component R13 10k
Added Member To Class: ClassName=Quad FC power V10.1 Member=Component R14 10k
Added Member To Class: ClassName=Quad FC V10.1 Member=Component RC Radio Control
Added Member To Class: ClassName=Quad FC V10.1 Member=Component S1
Added Member To Class: ClassName=Quad FC V10.1 Member=Component Uart
Added Member To Class: ClassName=Quad FC V10.1 Member=Component VL53
Added Member To Class: ClassName=Quad FC V10.1 Member=Component Y1 CRYSTAL_SMD
