Removed Member From Class: ClassName=Quad FC V10.1 Member=C27
Removed Member From Class: ClassName=Quad FC V10.1 Member=C28
Removed Member From Class: ClassName=Quad FC V10.1 Member=C29
Removed Member From Class: ClassName=Quad FC V10.1 Member=P11
Removed Member From Class: ClassName=Quad FC V10.1 Member=S3
Change Component Designator: OldDesignator=C1 NewDesignator=C3
Change Component Designator: OldDesignator=C3 NewDesignator=C4
Change Component Designator: OldDesignator=C4 NewDesignator=C5
Change Component Designator: OldDesignator=C7 NewDesignator=C9
Change Component Designator: OldDesignator=C8 NewDesignator=C10
Change Component Designator: OldDesignator=C9 NewDesignator=C11
Change Component Designator: OldDesignator=C10 NewDesignator=C12
Change Component Designator: OldDesignator=C12 NewDesignator=C13
Change Component Designator: OldDesignator=C13 NewDesignator=C7
Change Component Designator: OldDesignator=C14 NewDesignator=C8
Change Component Designator: OldDesignator=C17 NewDesignator=C14
Change Component Designator: OldDesignator=C18 NewDesignator=C25
Change Component Designator: OldDesignator=C19 NewDesignator=C18
Change Component Designator: OldDesignator=C20 NewDesignator=C19
Change Component Designator: OldDesignator=C22 NewDesignator=C1
Change Component Designator: OldDesignator=C23 NewDesignator=C2
Change Component Designator: OldDesignator=C24 NewDesignator=C17
Change Component Designator: OldDesignator=C26 NewDesignator=C21
Change Component Designator: OldDesignator=C27 NewDesignator=C24
Change Component Designator: OldDesignator=C28 NewDesignator=C20
Change Component Designator: OldDesignator=C29 NewDesignator=C22
Change Component Designator: OldDesignator=C30 NewDesignator=C23
Change Component Designator: OldDesignator=C34 NewDesignator=C26
Change Component Designator: OldDesignator=C35 NewDesignator=C27
Change Component Designator: OldDesignator=C37 NewDesignator=C33
Change Component Designator: OldDesignator=C38 NewDesignator=C30
Change Component Designator: OldDesignator=C40 NewDesignator=C29
Change Component Designator: OldDesignator=C41 NewDesignator=C28
Change Component Designator: OldDesignator=C42 NewDesignator=C31
Change Component Designator: OldDesignator=C43 NewDesignator=C32
Change Component Designator: OldDesignator=D1 NewDesignator=D5
Change Component Designator: OldDesignator=D2 NewDesignator=D1
Change Component Designator: OldDesignator=D3 NewDesignator=D2
Change Component Designator: OldDesignator=D5 NewDesignator=D3
Change Component Designator: OldDesignator=D9 NewDesignator=D7
Change Component Designator: OldDesignator=D10 NewDesignator=D6
Change Component Designator: OldDesignator=GY87 NewDesignator=GY78
Change Component Designator: OldDesignator=LM3 NewDesignator=LM2
Change Component Designator: OldDesignator=MP12V NewDesignator=MP1
Change Component Designator: OldDesignator=P1 NewDesignator=P5
Change Component Designator: OldDesignator=P2 NewDesignator=RC
Change Component Designator: OldDesignator=P3 NewDesignator=P1
Change Component Designator: OldDesignator=P9 NewDesignator=P3
Change Component Designator: OldDesignator=P11 NewDesignator=P2
Change Component Designator: OldDesignator=R1 NewDesignator=R9
Change Component Designator: OldDesignator=R4 NewDesignator=R1
Change Component Designator: OldDesignator=R5 NewDesignator=R4
Change Component Designator: OldDesignator=R7 NewDesignator=R5
Change Component Designator: OldDesignator=R8 NewDesignator=R6
Change Component Designator: OldDesignator=R9 NewDesignator=R8
Change Component Designator: OldDesignator=R10 NewDesignator=R7
Change Component Designator: OldDesignator=R13 NewDesignator=R12
Change Component Designator: OldDesignator=R14 NewDesignator=R11
Change Component Designator: OldDesignator=R15 NewDesignator=R10
Change Component Designator: OldDesignator=R21 NewDesignator=R14
Change Component Designator: OldDesignator=R22 NewDesignator=R13
Change Component Designator: OldDesignator=S1 NewDesignator=S2
Change Component Designator: OldDesignator=S3 NewDesignator=S1
Add Pin To Net: Unknown Pin: Pin MP1-9
Change Net Name : Old Net Name=NetC19_1 New Net Name=NetC18_1
Change Net Name : Old Net Name=NetC20_1 New Net Name=NetC19_1
Change Net Name : Old Net Name=NetC22_2 New Net Name=NetC1_2
Change Net Name : Old Net Name=NetC37_1 New Net Name=NetC33_1
Change Net Name : Old Net Name=NetC37_2 New Net Name=NetC33_2
Change Net Name : Old Net Name=NetC38_1 New Net Name=NetC30_1
Change Net Name : Old Net Name=NetD1_2 New Net Name=NetD5_2
Change Net Name : Old Net Name=NetD2_2 New Net Name=NetD1_2
Change Net Name : Old Net Name=NetD3_2 New Net Name=NetD2_2
Change Net Name : Old Net Name=NetD5_2 New Net Name=NetD3_2
Change Net Name : Old Net Name=NetD9_2 New Net Name=NetD7_2
Change Net Name : Old Net Name=NetD10_2 New Net Name=NetD6_2
Change Net Name : Old Net Name=NetMP12V_6 New Net Name=NetMP1_6
Added Member To Class: ClassName=Quad FC V10.1 Member=Component C5 100nF
Added Member To Class: ClassName=Quad FC V10.1 Member=Component C11 100nF
Added Member To Class: ClassName=Quad FC V10.1 Member=Component C25 100nF
Added Member To Class: ClassName=Quad FC V10.1 Member=Component RC Radio Control
Added Member To Class: ClassName=Quad FC V10.1 Member=Component S2
