Removed Pin From Net: NetName=5V Pin=A1-2
Removed Pin From Net: NetName=5V Pin=A1-3
Removed Pin From Net: NetName=5V Pin=A1-4
Removed Pin From Net: NetName=5V Pin=A2-3
Removed Pin From Net: NetName=5V Pin=C31-2
Removed Pin From Net: NetName=5V Pin=C32-+
Removed Pin From Net: NetName=5V Pin=C38-2
Removed Pin From Net: NetName=5V Pin=C42-2
Removed Pin From Net: NetName=5V Pin=C43-+
Removed Pin From Net: NetName=5V Pin=D9-1
Removed Pin From Net: NetName=5V Pin=D10-1
Removed Pin From Net: NetName=5V Pin=GY87-8
Removed Pin From Net: NetName=5V Pin=LM3-2
Removed Pin From Net: NetName=5V Pin=R13-2
Add Pin To Net: Unknown Pin: Pin MP12V-9
Change Net Name : Old Net Name=5V New Net Name=GND
Added Pin To Net: NetName=5V Pin=A1-2
Added Pin To Net: NetName=5V Pin=A1-4
Added Pin To Net: NetName=5V Pin=A2-3
Added Pin To Net: NetName=5V Pin=C31-2
Added Pin To Net: NetName=5V Pin=C32-+
Added Pin To Net: NetName=5V Pin=D10-1
Added Pin To Net: NetName=5V Pin=GY87-8
Added Net: Name=5V
Added Pin To Net: NetName=12V Pin=A1-3
Added Pin To Net: NetName=12V Pin=C38-2
Added Pin To Net: NetName=12V Pin=C42-2
Added Pin To Net: NetName=12V Pin=C43-+
Added Pin To Net: NetName=12V Pin=D9-1
Added Pin To Net: NetName=12V Pin=LM3-2
Added Pin To Net: NetName=12V Pin=R13-2
Added Net: Name=12V
